<?xml version="1.0" encoding="utf-8"?><testsuites name="pytest tests"><testsuite name="pytest" errors="0" failures="1" skipped="0" tests="17" time="2.533" timestamp="2026-08-15T14:15:10.780194+00:00" hostname="agent-env-b467be45-8e49-4e9e-a494-7d7eb575de04"><testcase classname="tests.test_anycontrol_backend.TestAuth" name="test_register_new_user" time="0.501"><failure message="AssertionError: assert ('token' in {'token': 'eyJhbGciOiJIUzI1NiIsInR5cCI6IkpXVCJ9.eyJzdWIiOiJkYzk3ZTc2MDY4MDA0YmNiYjZlMjljZjI5NmMwOWRkNCIsImVtYWlsIjoidGVzdF9jYjRjMjY1MWY3QGV4YW1wbGUuY29tIiwidHlwZSI6InVzZXIiLCJpYXQiOjE3ODY4MDMzMTEsImV4cCI6MTc4OTM5NTMxMX0.2CrXHryS--2uOIhB4TboOlTLTMu9MSeWvtm86803-eQ', 'user': {'id': 'dc97e76068004bcbb6e29cf296c09dd4', 'email': 'test_cb4c2651f7@example.com', 'name': 'test_cb4c2651f7'}} and 'test_cb4c2651f7@example.com' == 'TEST_cb4c2651f7@example.com'&#10;  &#10;  - TEST_cb4c2651f7@example.com&#10;  ? ^^^^&#10;  + test_cb4c2651f7@example.com&#10;  ? ^^^^)">tests/test_anycontrol_backend.py:54: in test_register_new_user
    assert "token" in data and data["user"]["email"] == email
E   AssertionError: assert ('token' in {'token': 'eyJhbGciOiJIUzI1NiIsInR5cCI6IkpXVCJ9.eyJzdWIiOiJkYzk3ZTc2MDY4MDA0YmNiYjZlMjljZjI5NmMwOWRkNCIsImVtYWlsIjoidGVzdF9jYjRjMjY1MWY3QGV4YW1wbGUuY29tIiwidHlwZSI6InVzZXIiLCJpYXQiOjE3ODY4MDMzMTEsImV4cCI6MTc4OTM5NTMxMX0.2CrXHryS--2uOIhB4TboOlTLTMu9MSeWvtm86803-eQ', 'user': {'id': 'dc97e76068004bcbb6e29cf296c09dd4', 'email': 'test_cb4c2651f7@example.com', 'name': 'test_cb4c2651f7'}} and 'test_cb4c2651f7@example.com' == 'TEST_cb4c2651f7@example.com'
E     
E     - TEST_cb4c2651f7@example.com
E     ? ^^^^
E     + test_cb4c2651f7@example.com
E     ? ^^^^)</failure></testcase><testcase classname="tests.test_anycontrol_backend.TestAuth" name="test_register_duplicate_email" time="0.052" /><testcase classname="tests.test_anycontrol_backend.TestAuth" name="test_register_short_password" time="0.052" /><testcase classname="tests.test_anycontrol_backend.TestAuth" name="test_login_wrong_password" time="0.273" /><testcase classname="tests.test_anycontrol_backend.TestAuth" name="test_login_success_and_me" time="0.323" /><testcase classname="tests.test_anycontrol_backend.TestAuth" name="test_me_missing_token" time="0.048" /><testcase classname="tests.test_anycontrol_backend.TestAuth" name="test_me_invalid_token" time="0.059" /><testcase classname="tests.test_anycontrol_backend.TestDevices" name="test_register_idempotent" time="0.154" /><testcase classname="tests.test_anycontrol_backend.TestDevices" name="test_list_devices_contains_demo_host" time="0.050" /><testcase classname="tests.test_anycontrol_backend.TestDevices" name="test_delete_other_users_device_returns_404" time="0.373" /><testcase classname="tests.test_anycontrol_backend.TestPairing" name="test_pair_new_and_claim" time="0.155" /><testcase classname="tests.test_anycontrol_backend.TestPairing" name="test_pair_claim_invalid_code" time="0.049" /><testcase classname="tests.test_anycontrol_backend.TestSessions" name="test_sessions_list_shape" time="0.054" /><testcase classname="tests.test_anycontrol_backend.TestWebSocketRelay" name="test_demo_agent_online" time="0.101" /><testcase classname="tests.test_anycontrol_backend.TestWebSocketRelay" name="test_controller_relay_frame_and_click" time="0.217" /><testcase classname="tests.test_anycontrol_backend.TestWebSocketRelay" name="test_ws_control_invalid_token_rejected" time="0.002" /><testcase classname="tests.test_anycontrol_backend.TestWebSocketRelay" name="test_ws_agent_invalid_token_rejected" time="0.003" /></testsuite></testsuites>